{"/home/usuario/prct06-generics-solid-alu0101351117/src/modi/Cancion.ts": {"path":"/home/usuario/prct06-generics-solid-alu0101351117/src/modi/Cancion.ts","statementMap":{"0":{"start":{"line":19,"column":8},"end":{"line":19,"column":null}},"1":{"start":{"line":20,"column":8},"end":{"line":20,"column":null}},"2":{"start":{"line":21,"column":8},"end":{"line":21,"column":null}},"3":{"start":{"line":22,"column":8},"end":{"line":22,"column":null}},"4":{"start":{"line":23,"column":8},"end":{"line":23,"column":null}},"5":{"start":{"line":24,"column":8},"end":{"line":24,"column":null}},"6":{"start":{"line":30,"column":8},"end":{"line":30,"column":null}},"7":{"start":{"line":33,"column":8},"end":{"line":33,"column":null}},"8":{"start":{"line":36,"column":8},"end":{"line":36,"column":null}},"9":{"start":{"line":39,"column":8},"end":{"line":39,"column":null}},"10":{"start":{"line":46,"column":21},"end":{"line":46,"column":null}},"11":{"start":{"line":47,"column":8},"end":{"line":47,"column":null}},"12":{"start":{"line":48,"column":8},"end":{"line":48,"column":null}},"13":{"start":{"line":49,"column":8},"end":{"line":49,"column":null}},"14":{"start":{"line":50,"column":8},"end":{"line":50,"column":null}},"15":{"start":{"line":57,"column":8},"end":{"line":57,"column":null}}},"fnMap":{"0":{"name":"(anonymous_0)","decl":{"start":{"line":18,"column":4},"end":{"line":18,"column":16}},"loc":{"start":{"line":18,"column":93},"end":{"line":25,"column":null}},"line":18},"1":{"name":"(anonymous_1)","decl":{"start":{"line":29,"column":15},"end":{"line":29,"column":34}},"loc":{"start":{"line":29,"column":34},"end":{"line":31,"column":null}},"line":29},"2":{"name":"(anonymous_2)","decl":{"start":{"line":32,"column":15},"end":{"line":32,"column":35}},"loc":{"start":{"line":32,"column":35},"end":{"line":34,"column":null}},"line":32},"3":{"name":"(anonymous_3)","decl":{"start":{"line":35,"column":15},"end":{"line":35,"column":32}},"loc":{"start":{"line":35,"column":32},"end":{"line":37,"column":null}},"line":35},"4":{"name":"(anonymous_4)","decl":{"start":{"line":38,"column":15},"end":{"line":38,"column":31}},"loc":{"start":{"line":38,"column":31},"end":{"line":40,"column":null}},"line":38},"5":{"name":"(anonymous_5)","decl":{"start":{"line":45,"column":4},"end":{"line":45,"column":19}},"loc":{"start":{"line":45,"column":19},"end":{"line":51,"column":null}},"line":45},"6":{"name":"(anonymous_6)","decl":{"start":{"line":56,"column":4},"end":{"line":56,"column":23}},"loc":{"start":{"line":56,"column":23},"end":{"line":58,"column":null}},"line":56}},"branchMap":{},"s":{"0":1,"1":1,"2":1,"3":1,"4":1,"5":1,"6":1,"7":1,"8":1,"9":1,"10":1,"11":1,"12":1,"13":1,"14":1,"15":1},"f":{"0":1,"1":1,"2":1,"3":1,"4":1,"5":1,"6":1},"b":{},"meta":{"lastBranch":0,"lastFunction":7,"lastStatement":16,"seen":{"f:18:4:18:16":0,"s:19:8:19:Infinity":0,"s:20:8:20:Infinity":1,"s:21:8:21:Infinity":2,"s:22:8:22:Infinity":3,"s:23:8:23:Infinity":4,"s:24:8:24:Infinity":5,"f:29:15:29:34":1,"s:30:8:30:Infinity":6,"f:32:15:32:35":2,"s:33:8:33:Infinity":7,"f:35:15:35:32":3,"s:36:8:36:Infinity":8,"f:38:15:38:31":4,"s:39:8:39:Infinity":9,"f:45:4:45:19":5,"s:46:21:46:Infinity":10,"s:47:8:47:Infinity":11,"s:48:8:48:Infinity":12,"s:49:8:49:Infinity":13,"s:50:8:50:Infinity":14,"f:56:4:56:23":6,"s:57:8:57:Infinity":15}}}
,"/home/usuario/prct06-generics-solid-alu0101351117/src/modi/Podcast.ts": {"path":"/home/usuario/prct06-generics-solid-alu0101351117/src/modi/Podcast.ts","statementMap":{"0":{"start":{"line":20,"column":8},"end":{"line":20,"column":null}},"1":{"start":{"line":21,"column":8},"end":{"line":21,"column":null}},"2":{"start":{"line":22,"column":8},"end":{"line":22,"column":null}},"3":{"start":{"line":23,"column":8},"end":{"line":23,"column":null}},"4":{"start":{"line":24,"column":8},"end":{"line":24,"column":null}},"5":{"start":{"line":25,"column":8},"end":{"line":25,"column":null}},"6":{"start":{"line":31,"column":8},"end":{"line":31,"column":null}},"7":{"start":{"line":34,"column":8},"end":{"line":34,"column":null}},"8":{"start":{"line":37,"column":8},"end":{"line":37,"column":null}},"9":{"start":{"line":40,"column":8},"end":{"line":40,"column":null}},"10":{"start":{"line":43,"column":8},"end":{"line":43,"column":null}},"11":{"start":{"line":46,"column":8},"end":{"line":46,"column":null}},"12":{"start":{"line":53,"column":25},"end":{"line":53,"column":null}},"13":{"start":{"line":54,"column":8},"end":{"line":54,"column":null}},"14":{"start":{"line":58,"column":21},"end":{"line":58,"column":null}},"15":{"start":{"line":59,"column":18},"end":{"line":59,"column":null}},"16":{"start":{"line":60,"column":8},"end":{"line":60,"column":null}},"17":{"start":{"line":61,"column":8},"end":{"line":61,"column":null}},"18":{"start":{"line":62,"column":8},"end":{"line":62,"column":null}}},"fnMap":{"0":{"name":"(anonymous_0)","decl":{"start":{"line":19,"column":4},"end":{"line":19,"column":16}},"loc":{"start":{"line":19,"column":92},"end":{"line":26,"column":null}},"line":19},"1":{"name":"(anonymous_1)","decl":{"start":{"line":30,"column":15},"end":{"line":30,"column":32}},"loc":{"start":{"line":30,"column":32},"end":{"line":32,"column":null}},"line":30},"2":{"name":"(anonymous_2)","decl":{"start":{"line":33,"column":15},"end":{"line":33,"column":36}},"loc":{"start":{"line":33,"column":36},"end":{"line":35,"column":null}},"line":33},"3":{"name":"(anonymous_3)","decl":{"start":{"line":36,"column":15},"end":{"line":36,"column":32}},"loc":{"start":{"line":36,"column":32},"end":{"line":38,"column":null}},"line":36},"4":{"name":"(anonymous_4)","decl":{"start":{"line":39,"column":15},"end":{"line":39,"column":35}},"loc":{"start":{"line":39,"column":35},"end":{"line":41,"column":null}},"line":39},"5":{"name":"(anonymous_5)","decl":{"start":{"line":42,"column":15},"end":{"line":42,"column":40}},"loc":{"start":{"line":42,"column":40},"end":{"line":44,"column":null}},"line":42},"6":{"name":"(anonymous_6)","decl":{"start":{"line":45,"column":15},"end":{"line":45,"column":37}},"loc":{"start":{"line":45,"column":37},"end":{"line":47,"column":null}},"line":45},"7":{"name":"(anonymous_7)","decl":{"start":{"line":52,"column":4},"end":{"line":52,"column":13}},"loc":{"start":{"line":52,"column":13},"end":{"line":55,"column":null}},"line":52},"8":{"name":"(anonymous_8)","decl":{"start":{"line":57,"column":4},"end":{"line":57,"column":23}},"loc":{"start":{"line":57,"column":23},"end":{"line":63,"column":null}},"line":57}},"branchMap":{},"s":{"0":1,"1":1,"2":1,"3":1,"4":1,"5":1,"6":1,"7":1,"8":1,"9":1,"10":1,"11":1,"12":1,"13":1,"14":1,"15":1,"16":1,"17":1,"18":1},"f":{"0":1,"1":1,"2":1,"3":1,"4":1,"5":1,"6":1,"7":1,"8":1},"b":{},"meta":{"lastBranch":0,"lastFunction":9,"lastStatement":19,"seen":{"f:19:4:19:16":0,"s:20:8:20:Infinity":0,"s:21:8:21:Infinity":1,"s:22:8:22:Infinity":2,"s:23:8:23:Infinity":3,"s:24:8:24:Infinity":4,"s:25:8:25:Infinity":5,"f:30:15:30:32":1,"s:31:8:31:Infinity":6,"f:33:15:33:36":2,"s:34:8:34:Infinity":7,"f:36:15:36:32":3,"s:37:8:37:Infinity":8,"f:39:15:39:35":4,"s:40:8:40:Infinity":9,"f:42:15:42:40":5,"s:43:8:43:Infinity":10,"f:45:15:45:37":6,"s:46:8:46:Infinity":11,"f:52:4:52:13":7,"s:53:25:53:Infinity":12,"s:54:8:54:Infinity":13,"f:57:4:57:23":8,"s:58:21:58:Infinity":14,"s:59:18:59:Infinity":15,"s:60:8:60:Infinity":16,"s:61:8:61:Infinity":17,"s:62:8:62:Infinity":18}}}
}
